#
# A fatal error has been detected by the Java Runtime Environment:
#
#  EXCEPTION_ACCESS_VIOLATION (0xc0000005) at pc=0x00007ff93f7bd65a, pid=21856, tid=2072
#
# JRE version: Java(TM) SE Runtime Environment (17.0.2+8) (build 17.0.2+8-LTS-86)
# Java VM: Java HotSpot(TM) 64-Bit Server VM (17.0.2+8-LTS-86, mixed mode, sharing, tiered, compressed oops, compressed class ptrs, g1 gc, windows-amd64)
# Problematic frame:
# V  [jvm.dll+0x73d65a]
#
# No core dump will be written. Minidumps are not enabled by default on client versions of Windows
#
# If you would like to submit a bug report, please visit:
#   https://bugreport.java.com/bugreport/crash.jsp
#

---------------  S U M M A R Y ------------

Command Line: -XX:+ShowCodeDetailsInExceptionMessages -agentlib:jdwp=transport=dt_socket,suspend=y,address=localhost:55767 -ea -javaagent:D:\Darpan\Eclipse\eclipse\configuration\org.eclipse.osgi\222\0\.cp\lib\javaagent-shaded.jar -Dfile.encoding=Cp1252 org.eclipse.jdt.internal.junit.runner.RemoteTestRunner -version 3 -port 55766 -testLoaderClass org.eclipse.jdt.internal.junit5.runner.JUnit5TestLoader -loaderpluginname org.eclipse.jdt.junit5.runtime -classNames com.bridgelabz.hashtable.test.MyHashMapTest

Host: Intel(R) Core(TM) i7-8550U CPU @ 1.80GHz, 8 cores, 15G,  Windows 11 , 64 bit Build 22000 (10.0.22000.434)
Time: Tue Mar 29 21:21:50 2022 India Standard Time elapsed time: 130.142854 seconds (0d 0h 2m 10s)

---------------  T H R E A D  ---------------

Current thread (0x000002a1566456a0):  JavaThread "JDWP Transport Listener: dt_socket" daemon [_thread_in_vm, id=2072, stack(0x000000e128100000,0x000000e128200000)]

Stack: [0x000000e128100000,0x000000e128200000],  sp=0x000000e1281ff630,  free space=1021k
Native frames: (J=compiled Java code, j=interpreted, Vv=VM code, C=native code)
V  [jvm.dll+0x73d65a]
V  [jvm.dll+0x504e0c]
V  [jvm.dll+0x4d0634]
C  [jdwp.dll+0x22e9f]


siginfo: EXCEPTION_ACCESS_VIOLATION (0xc0000005), reading address 0x00000000005e0061


Register to memory mapping:

RIP=0x00007ff93f7bd65a jvm.dll
RAX=0x000000000000005f is an unknown value
RBX=0x000002a1559be177 points into unknown readable memory: 64
RCX=0x00000000005e005d is an unknown value
RDX=0x000002a15644cd10 points into unknown readable memory: 0x6972622f6d6f634c | 4c 63 6f 6d 2f 62 72 69
RSP=0x000000e1281ff630 is pointing into the stack for thread: 0x000002a1566456a0
RBP=0x000002a156592ef0 points into unknown readable memory: 0x0000000000000002 | 02 00 00 00 00 00 00 00
RSI=0x0 is NULL
RDI=0xffffffffffffffff is an unknown value
R8 =0x0000000000000257 is an unknown value
R9 =0x0000000000000040 is an unknown value
R10=0x0000000000000240 is an unknown value
R11=0x000000e1281ff650 is pointing into the stack for thread: 0x000002a1566456a0
R12=0x000000e1281ff788 is pointing into the stack for thread: 0x000002a1566456a0
R13=0x0 is NULL
R14=0x0000000800cc4850 is a pointer to class: 
com.bridgelabz.hashtable.MyHashTable {0x0000000800cc4858}
 - instance size:     3
 - klass size:        68
 - access:            public synchronized 
 - state:             fully_initialized
 - name:              'com/bridgelabz/hashtable/MyHashTable'
 - super:             'java/lang/Object'
 - sub:               
 - arrays:            NULL
 - methods:           Array<T>(0x000002a156067f88)
 - method ordering:   Array<T>(0x000002a15605d948)
 - default_methods:   Array<T>(0x0000000000000000)
 - local interfaces:  Array<T>(0x00000008005cf748)
 - trans. interfaces: Array<T>(0x00000008005cf748)
 - constants:         constant pool [111] {0x000002a15620c8c8} for 'com/bridgelabz/hashtable/MyHashTable' cache=0x000002a15620d948
 - class loader data:  loader data: 0x000002a156444ee0 for instance a 'jdk/internal/loader/ClassLoaders$AppClassLoader'{0x0000000710200000}
 - source file:       'MyHashTable.java'
 - source debug extension:       SMAP
MyHashTable.java
Java
*S jdt
*F
1 MyHashTable.java
2 file:/D:/Darpan/LFP_112_Java_WS/Day15_DS_HASHMAP/bin/
*L
*E

 - class annotations:       Array<T>(0x0000000000000000)
 - class type annotations:  Array<T>(0x0000000000000000)
 - field annotations:       Array<T>(0x0000000000000000)
 - field type annotations:  Array<T>(0x0000000000000000)
 - generic signature: '
[error occurred during error reporting (printing register info), id 0xc0000005, EXCEPTION_ACCESS_VIOLATION (0xc0000005) at pc=0x00007ff93f7be266]

Registers:
RAX=0x000000000000005f, RBX=0x000002a1559be177, RCX=0x00000000005e005d, RDX=0x000002a15644cd10
RSP=0x000000e1281ff630, RBP=0x000002a156592ef0, RSI=0x0000000000000000, RDI=0xffffffffffffffff
R8 =0x0000000000000257, R9 =0x0000000000000040, R10=0x0000000000000240, R11=0x000000e1281ff650
R12=0x000000e1281ff788, R13=0x0000000000000000, R14=0x0000000800cc4850, R15=0x000000e1281ff7d8
RIP=0x00007ff93f7bd65a, EFLAGS=0x0000000000010206

Top of Stack: (sp=0x000000e1281ff630)
0x000000e1281ff630:   0000000000000024 0000000800cc4850
0x000000e1281ff640:   000002a1566456a0 0000000000000000
0x000000e1281ff650:   ffffffffffffffff 00007ff93f584e0c
0x000000e1281ff660:   000002a1559be177 000002a1559be150
0x000000e1281ff670:   000002a156592ef0 000002a1575aa450
0x000000e1281ff680:   000002a1559be110 00000000000003d8
0x000000e1281ff690:   000002a1559be120 000002a1559be4f8
0x000000e1281ff6a0:   0000000000000002 000000e1281ff788
0x000000e1281ff6b0:   0000000000000000 0000000000000000
0x000000e1281ff6c0:   0000000710abf7f0 00007ff93f550634
0x000000e1281ff6d0:   000002a1566456a0 000000e1281ff7d8
0x000000e1281ff6e0:   000002a132c53b00 000000e1281ff7d8
0x000000e1281ff6f0:   000002a1566456a0 0000000000000000
0x000000e1281ff700:   000002a100000000 0000000000000000
0x000000e1281ff710:   000000000000000d 00007ff9a3302e9f
0x000000e1281ff720:   000000e1281ff7d0 00007ff9a3311830 

Instructions: (pc=0x00007ff93f7bd65a)
0x00007ff93f7bd55a:   48 83 c4 20 5f e9 8c 75 96 ff cc cc cc cc cc cc
0x00007ff93f7bd56a:   cc cc cc cc cc cc 48 89 5c 24 08 57 48 83 ec 20
0x00007ff93f7bd57a:   83 fa 02 8d 42 06 b9 08 00 00 00 49 8b d8 0f 4e
0x00007ff93f7bd58a:   c1 48 63 c8 48 83 c1 07 83 e1 f8 48 63 f9 49 8b
0x00007ff93f7bd59a:   48 18 48 8b c7 48 f7 d0 48 3b c1 73 16 4c 8d 05
0x00007ff93f7bd5aa:   9a 52 17 00 48 8b d7 48 8b cb e8 97 d8 96 ff 48
0x00007ff93f7bd5ba:   8b 4b 18 48 8d 04 39 48 3b 43 20 76 18 45 33 c0
0x00007ff93f7bd5ca:   48 8b d7 48 8b cb 48 8b 5c 24 30 48 83 c4 20 5f
0x00007ff93f7bd5da:   e9 f1 d4 96 ff 48 89 43 18 48 8b c1 48 8b 5c 24
0x00007ff93f7bd5ea:   30 48 83 c4 20 5f c3 cc cc cc cc cc cc cc cc cc
0x00007ff93f7bd5fa:   cc cc cc cc cc cc 4c 8b d2 4c 8b d9 45 85 c0 7e
0x00007ff93f7bd60a:   3c 44 0f b7 49 04 41 8d 40 ff 41 3b c1 44 0f 4c
0x00007ff93f7bd61a:   c8 4d 63 c1 45 85 c9 7e 1f 48 8b c2 4c 2b da 49
0x00007ff93f7bd62a:   8b d0 0f 1f 40 00 41 0f b6 4c 03 06 88 08 48 8d
0x00007ff93f7bd63a:   40 01 48 83 ea 01 75 ee 43 c6 04 10 00 49 8b c2
0x00007ff93f7bd64a:   c3 cc cc cc cc cc 48 89 5c 24 08 57 48 83 ec 20
0x00007ff93f7bd65a:   0f b7 59 04 48 8b f9 33 d2 48 8d 4b 01 e8 44 96
0x00007ff93f7bd66a:   f8 ff 0f b7 57 04 4c 8b c0 3b da 0f 42 d3 44 8b
0x00007ff93f7bd67a:   ca 85 d2 74 39 48 2b f8 0f 1f 40 00 66 66 0f 1f
0x00007ff93f7bd68a:   84 00 00 00 00 00 0f b6 4c 07 06 88 08 48 ff c0
0x00007ff93f7bd69a:   48 8b c8 49 2b c8 49 3b c9 7c eb 42 c6 04 02 00
0x00007ff93f7bd6aa:   49 8b c0 48 8b 5c 24 30 48 83 c4 20 5f c3 48 8b
0x00007ff93f7bd6ba:   5c 24 30 c6 04 02 00 48 83 c4 20 5f c3 cc cc cc
0x00007ff93f7bd6ca:   cc cc cc cc cc cc 4c 8b d1 45 85 c0 7e 6c 44 0f
0x00007ff93f7bd6da:   b7 49 04 41 8d 40 ff 41 3b c1 44 0f 4c c8 4d 63
0x00007ff93f7bd6ea:   d9 45 85 c9 7e 22 48 8b ca 4c 2b d2 4d 8b c3 0f
0x00007ff93f7bd6fa:   1f 80 00 00 00 00 41 0f b6 44 0a 06 88 01 48 8d
0x00007ff93f7bd70a:   49 01 49 83 e8 01 75 ee 41 c6 04 13 00 48 c7 c0
0x00007ff93f7bd71a:   ff ff ff ff 66 90 48 ff c0 80 3c 02 00 75 f7 48
0x00007ff93f7bd72a:   63 c8 85 c0 48 8b c2 7e 14 80 38 2f 75 03 c6 00
0x00007ff93f7bd73a:   2e 48 ff c0 48 83 e9 01 75 ef 48 8b c2 c3 cc cc
0x00007ff93f7bd74a:   cc cc cc cc cc cc 48 83 ec 28 e8 f7 fe ff ff 4c 


Stack slot to memory mapping:
stack at sp + 0 slots: 0x0000000000000024 is an unknown value
stack at sp + 1 slots: 0x0000000800cc4850 is a pointer to class: 
com.bridgelabz.hashtable.MyHashTable {0x0000000800cc4858}
 - instance size:     3
 - klass size:        68
 - access:            public synchronized 
 - state:             fully_initialized
 - name:              'com/bridgelabz/hashtable/MyHashTable'
 - super:             'java/lang/Object'
 - sub:               
 - arrays:            NULL
 - methods:           Array<T>(0x000002a156067f88)
 - method ordering:   Array<T>(0x000002a15605d948)
 - default_methods:   Array<T>(0x0000000000000000)
 - local interfaces:  Array<T>(0x00000008005cf748)
 - trans. interfaces: Array<T>(0x00000008005cf748)
 - constants:         constant pool [111] {0x000002a15620c8c8} for 'com/bridgelabz/hashtable/MyHashTable' cache=0x000002a15620d948
 - class loader data:  loader data: 0x000002a156444ee0 for instance a 'jdk/internal/loader/ClassLoaders$AppClassLoader'{0x0000000710200000}
 - source file:       'MyHashTable.java'
 - source debug extension:       SMAP
MyHashTable.java
Java
*S jdt
*F
1 MyHashTable.java
2 file:/D:/Darpan/LFP_112_Java_WS/Day15_DS_HASHMAP/bin/
*L
*E

 - class annotations:       Array<T>(0x0000000000000000)
 - class type annotations:  Array<T>(0x0000000000000000)
 - field annotations:       Array<T>(0x0000000000000000)
 - field type annotations:  Array<T>(0x0000000000000000)
 - generic signature: '
[error occurred during error reporting (inspecting top of stack), id 0xc0000005, EXCEPTION_ACCESS_VIOLATION (0xc0000005) at pc=0x00007ff93f7be266]


---------------  P R O C E S S  ---------------

Threads class SMR info:
_java_thread_list=0x000002a1579cff00, length=16, elements={
0x000002a132c667e0, 0x000002a15596b620, 0x000002a15596e1e0, 0x000002a155980830,
0x000002a155983100, 0x000002a155983ab0, 0x000002a155989970, 0x000002a155993720,
0x000002a155995de0, 0x000002a1559a73d0, 0x000002a1564e1dc0, 0x000002a1566456a0,
0x000002a1565ab570, 0x000002a1565aca70, 0x000002a156c18080, 0x000002a156f413e0
}

Java Threads: ( => current thread )
  0x000002a132c667e0 JavaThread "main" [_thread_blocked, id=13876, stack(0x000000e127000000,0x000000e127100000)]
  0x000002a15596b620 JavaThread "Reference Handler" daemon [_thread_blocked, id=3684, stack(0x000000e127700000,0x000000e127800000)]
  0x000002a15596e1e0 JavaThread "Finalizer" daemon [_thread_blocked, id=11508, stack(0x000000e127800000,0x000000e127900000)]
  0x000002a155980830 JavaThread "Signal Dispatcher" daemon [_thread_blocked, id=5360, stack(0x000000e127900000,0x000000e127a00000)]
  0x000002a155983100 JavaThread "Attach Listener" daemon [_thread_blocked, id=10836, stack(0x000000e127a00000,0x000000e127b00000)]
  0x000002a155983ab0 JavaThread "Service Thread" daemon [_thread_blocked, id=20868, stack(0x000000e127b00000,0x000000e127c00000)]
  0x000002a155989970 JavaThread "Monitor Deflation Thread" daemon [_thread_blocked, id=18596, stack(0x000000e127c00000,0x000000e127d00000)]
  0x000002a155993720 JavaThread "C2 CompilerThread0" daemon [_thread_blocked, id=13408, stack(0x000000e127d00000,0x000000e127e00000)]
  0x000002a155995de0 JavaThread "C1 CompilerThread0" daemon [_thread_blocked, id=5956, stack(0x000000e127e00000,0x000000e127f00000)]
  0x000002a1559a73d0 JavaThread "Sweeper thread" daemon [_thread_blocked, id=20928, stack(0x000000e127f00000,0x000000e128000000)]
  0x000002a1564e1dc0 JavaThread "Common-Cleaner" daemon [_thread_blocked, id=5132, stack(0x000000e128000000,0x000000e128100000)]
=>0x000002a1566456a0 JavaThread "JDWP Transport Listener: dt_socket" daemon [_thread_in_vm, id=2072, stack(0x000000e128100000,0x000000e128200000)]
  0x000002a1565ab570 JavaThread "JDWP Event Helper Thread" daemon [_thread_blocked, id=22984, stack(0x000000e128200000,0x000000e128300000)]
  0x000002a1565aca70 JavaThread "JDWP Command Reader" daemon [_thread_in_native, id=14168, stack(0x000000e128300000,0x000000e128400000)]
  0x000002a156c18080 JavaThread "Notification Thread" daemon [_thread_blocked, id=20048, stack(0x000000e128400000,0x000000e128500000)]
  0x000002a156f413e0 JavaThread "ReaderThread" [_thread_in_native, id=8312, stack(0x000000e128800000,0x000000e128900000)]

Other Threads:
  0x000002a155965ee0 VMThread "VM Thread" [stack: 0x000000e127600000,0x000000e127700000] [id=9224]
  0x000002a156c18550 WatcherThread [stack: 0x000000e128500000,0x000000e128600000] [id=17812]
  0x000002a132cb4be0 GCTaskThread "GC Thread#0" [stack: 0x000000e127100000,0x000000e127200000] [id=21028]
  0x000002a1577bcef0 GCTaskThread "GC Thread#1" [stack: 0x000000e128900000,0x000000e128a00000] [id=4304]
  0x000002a1577bd1a0 GCTaskThread "GC Thread#2" [stack: 0x000000e128a00000,0x000000e128b00000] [id=21532]
  0x000002a1576e4770 GCTaskThread "GC Thread#3" [stack: 0x000000e128b00000,0x000000e128c00000] [id=16688]
  0x000002a1576e4a20 GCTaskThread "GC Thread#4" [stack: 0x000000e128c00000,0x000000e128d00000] [id=23108]
  0x000002a1576e4cd0 GCTaskThread "GC Thread#5" [stack: 0x000000e128d00000,0x000000e128e00000] [id=18720]
  0x000002a1576e1e00 GCTaskThread "GC Thread#6" [stack: 0x000000e128e00000,0x000000e128f00000] [id=24396]
  0x000002a1576e20b0 GCTaskThread "GC Thread#7" [stack: 0x000000e128f00000,0x000000e129000000] [id=3360]
  0x000002a132cc7120 ConcurrentGCThread "G1 Main Marker" [stack: 0x000000e127200000,0x000000e127300000] [id=18532]
  0x000002a132cc7b30 ConcurrentGCThread "G1 Conc#0" [stack: 0x000000e127300000,0x000000e127400000] [id=13276]
  0x000002a132d3d900 ConcurrentGCThread "G1 Refine#0" [stack: 0x000000e127400000,0x000000e127500000] [id=14932]
  0x000002a132d3e1c0 ConcurrentGCThread "G1 Service" [stack: 0x000000e127500000,0x000000e127600000] [id=10108]

Threads with active compile tasks:

VM state: not at safepoint (normal execution)

VM Mutex/Monitor currently owned by a thread: None

Heap address: 0x0000000701a00000, size: 4070 MB, Compressed Oops mode: Zero based, Oop shift amount: 3

CDS archive(s) mapped at: [0x0000000800000000-0x0000000800bc0000-0x0000000800bc0000), size 12320768, SharedBaseAddress: 0x0000000800000000, ArchiveRelocationMode: 0.
Compressed class space mapped at: 0x0000000800c00000-0x0000000840c00000, reserved size: 1073741824
Narrow klass base: 0x0000000800000000, Narrow klass shift: 0, Narrow klass range: 0x100000000

GC Precious Log:
 CPUs: 8 total, 8 available
 Memory: 16279M
 Large Page Support: Disabled
 NUMA Support: Disabled
 Compressed Oops: Enabled (Zero based)
 Heap Region Size: 2M
 Heap Min Capacity: 8M
 Heap Initial Capacity: 256M
 Heap Max Capacity: 4070M
 Pre-touch: Disabled
 Parallel Workers: 8
 Concurrent Workers: 2
 Concurrent Refinement Workers: 8
 Periodic GC: Disabled

Heap:
 garbage-first heap   total 262144K, used 17305K [0x0000000701a00000, 0x0000000800000000)
  region size 2048K, 11 young (22528K), 2 survivors (4096K)
 Metaspace       used 6790K, committed 7040K, reserved 1056768K
  class space    used 764K, committed 896K, reserved 1048576K

Heap Regions: E=young(eden), S=young(survivor), O=old, HS=humongous(starts), HC=humongous(continues), CS=collection set, F=free, OA=open archive, CA=closed archive, TAMS=top-at-mark-start (previous, next)
|   0|0x0000000701a00000, 0x0000000701a00000, 0x0000000701c00000|  0%| F|  |TAMS 0x0000000701a00000, 0x0000000701a00000| Untracked 
|   1|0x0000000701c00000, 0x0000000701c00000, 0x0000000701e00000|  0%| F|  |TAMS 0x0000000701c00000, 0x0000000701c00000| Untracked 
|   2|0x0000000701e00000, 0x0000000701e00000, 0x0000000702000000|  0%| F|  |TAMS 0x0000000701e00000, 0x0000000701e00000| Untracked 
|   3|0x0000000702000000, 0x0000000702000000, 0x0000000702200000|  0%| F|  |TAMS 0x0000000702000000, 0x0000000702000000| Untracked 
|   4|0x0000000702200000, 0x0000000702200000, 0x0000000702400000|  0%| F|  |TAMS 0x0000000702200000, 0x0000000702200000| Untracked 
|   5|0x0000000702400000, 0x0000000702400000, 0x0000000702600000|  0%| F|  |TAMS 0x0000000702400000, 0x0000000702400000| Untracked 
|   6|0x0000000702600000, 0x0000000702600000, 0x0000000702800000|  0%| F|  |TAMS 0x0000000702600000, 0x0000000702600000| Untracked 
|   7|0x0000000702800000, 0x0000000702800000, 0x0000000702a00000|  0%| F|  |TAMS 0x0000000702800000, 0x0000000702800000| Untracked 
|   8|0x0000000702a00000, 0x0000000702a00000, 0x0000000702c00000|  0%| F|  |TAMS 0x0000000702a00000, 0x0000000702a00000| Untracked 
|   9|0x0000000702c00000, 0x0000000702c00000, 0x0000000702e00000|  0%| F|  |TAMS 0x0000000702c00000, 0x0000000702c00000| Untracked 
|  10|0x0000000702e00000, 0x0000000702e00000, 0x0000000703000000|  0%| F|  |TAMS 0x0000000702e00000, 0x0000000702e00000| Untracked 
|  11|0x0000000703000000, 0x0000000703000000, 0x0000000703200000|  0%| F|  |TAMS 0x0000000703000000, 0x0000000703000000| Untracked 
|  12|0x0000000703200000, 0x0000000703200000, 0x0000000703400000|  0%| F|  |TAMS 0x0000000703200000, 0x0000000703200000| Untracked 
|  13|0x0000000703400000, 0x0000000703400000, 0x0000000703600000|  0%| F|  |TAMS 0x0000000703400000, 0x0000000703400000| Untracked 
|  14|0x0000000703600000, 0x0000000703600000, 0x0000000703800000|  0%| F|  |TAMS 0x0000000703600000, 0x0000000703600000| Untracked 
|  15|0x0000000703800000, 0x0000000703800000, 0x0000000703a00000|  0%| F|  |TAMS 0x0000000703800000, 0x0000000703800000| Untracked 
|  16|0x0000000703a00000, 0x0000000703a00000, 0x0000000703c00000|  0%| F|  |TAMS 0x0000000703a00000, 0x0000000703a00000| Untracked 
|  17|0x0000000703c00000, 0x0000000703c00000, 0x0000000703e00000|  0%| F|  |TAMS 0x0000000703c00000, 0x0000000703c00000| Untracked 
|  18|0x0000000703e00000, 0x0000000703e00000, 0x0000000704000000|  0%| F|  |TAMS 0x0000000703e00000, 0x0000000703e00000| Untracked 
|  19|0x0000000704000000, 0x0000000704000000, 0x0000000704200000|  0%| F|  |TAMS 0x0000000704000000, 0x0000000704000000| Untracked 
|  20|0x0000000704200000, 0x0000000704200000, 0x0000000704400000|  0%| F|  |TAMS 0x0000000704200000, 0x0000000704200000| Untracked 
|  21|0x0000000704400000, 0x0000000704400000, 0x0000000704600000|  0%| F|  |TAMS 0x0000000704400000, 0x0000000704400000| Untracked 
|  22|0x0000000704600000, 0x0000000704600000, 0x0000000704800000|  0%| F|  |TAMS 0x0000000704600000, 0x0000000704600000| Untracked 
|  23|0x0000000704800000, 0x0000000704800000, 0x0000000704a00000|  0%| F|  |TAMS 0x0000000704800000, 0x0000000704800000| Untracked 
|  24|0x0000000704a00000, 0x0000000704a00000, 0x0000000704c00000|  0%| F|  |TAMS 0x0000000704a00000, 0x0000000704a00000| Untracked 
|  25|0x0000000704c00000, 0x0000000704c00000, 0x0000000704e00000|  0%| F|  |TAMS 0x0000000704c00000, 0x0000000704c00000| Untracked 
|  26|0x0000000704e00000, 0x0000000704e00000, 0x0000000705000000|  0%| F|  |TAMS 0x0000000704e00000, 0x0000000704e00000| Untracked 
|  27|0x0000000705000000, 0x0000000705000000, 0x0000000705200000|  0%| F|  |TAMS 0x0000000705000000, 0x0000000705000000| Untracked 
|  28|0x0000000705200000, 0x0000000705200000, 0x0000000705400000|  0%| F|  |TAMS 0x0000000705200000, 0x0000000705200000| Untracked 
|  29|0x0000000705400000, 0x0000000705400000, 0x0000000705600000|  0%| F|  |TAMS 0x0000000705400000, 0x0000000705400000| Untracked 
|  30|0x0000000705600000, 0x0000000705600000, 0x0000000705800000|  0%| F|  |TAMS 0x0000000705600000, 0x0000000705600000| Untracked 
|  31|0x0000000705800000, 0x0000000705800000, 0x0000000705a00000|  0%| F|  |TAMS 0x0000000705800000, 0x0000000705800000| Untracked 
|  32|0x0000000705a00000, 0x0000000705a00000, 0x0000000705c00000|  0%| F|  |TAMS 0x0000000705a00000, 0x0000000705a00000| Untracked 
|  33|0x0000000705c00000, 0x0000000705c00000, 0x0000000705e00000|  0%| F|  |TAMS 0x0000000705c00000, 0x0000000705c00000| Untracked 
|  34|0x0000000705e00000, 0x0000000705e00000, 0x0000000706000000|  0%| F|  |TAMS 0x0000000705e00000, 0x0000000705e00000| Untracked 
|  35|0x0000000706000000, 0x0000000706000000, 0x0000000706200000|  0%| F|  |TAMS 0x0000000706000000, 0x0000000706000000| Untracked 
|  36|0x0000000706200000, 0x0000000706200000, 0x0000000706400000|  0%| F|  |TAMS 0x0000000706200000, 0x0000000706200000| Untracked 
|  37|0x0000000706400000, 0x0000000706400000, 0x0000000706600000|  0%| F|  |TAMS 0x0000000706400000, 0x0000000706400000| Untracked 
|  38|0x0000000706600000, 0x0000000706600000, 0x0000000706800000|  0%| F|  |TAMS 0x0000000706600000, 0x0000000706600000| Untracked 
|  39|0x0000000706800000, 0x0000000706800000, 0x0000000706a00000|  0%| F|  |TAMS 0x0000000706800000, 0x0000000706800000| Untracked 
|  40|0x0000000706a00000, 0x0000000706a00000, 0x0000000706c00000|  0%| F|  |TAMS 0x0000000706a00000, 0x0000000706a00000| Untracked 
|  41|0x0000000706c00000, 0x0000000706c00000, 0x0000000706e00000|  0%| F|  |TAMS 0x0000000706c00000, 0x0000000706c00000| Untracked 
|  42|0x0000000706e00000, 0x0000000706e00000, 0x0000000707000000|  0%| F|  |TAMS 0x0000000706e00000, 0x0000000706e00000| Untracked 
|  43|0x0000000707000000, 0x0000000707000000, 0x0000000707200000|  0%| F|  |TAMS 0x0000000707000000, 0x0000000707000000| Untracked 
|  44|0x0000000707200000, 0x0000000707200000, 0x0000000707400000|  0%| F|  |TAMS 0x0000000707200000, 0x0000000707200000| Untracked 
|  45|0x0000000707400000, 0x0000000707400000, 0x0000000707600000|  0%| F|  |TAMS 0x0000000707400000, 0x0000000707400000| Untracked 
|  46|0x0000000707600000, 0x0000000707600000, 0x0000000707800000|  0%| F|  |TAMS 0x0000000707600000, 0x0000000707600000| Untracked 
|  47|0x0000000707800000, 0x0000000707800000, 0x0000000707a00000|  0%| F|  |TAMS 0x0000000707800000, 0x0000000707800000| Untracked 
|  48|0x0000000707a00000, 0x0000000707a00000, 0x0000000707c00000|  0%| F|  |TAMS 0x0000000707a00000, 0x0000000707a00000| Untracked 
|  49|0x0000000707c00000, 0x0000000707c00000, 0x0000000707e00000|  0%| F|  |TAMS 0x0000000707c00000, 0x0000000707c00000| Untracked 
|  50|0x0000000707e00000, 0x0000000707e00000, 0x0000000708000000|  0%| F|  |TAMS 0x0000000707e00000, 0x0000000707e00000| Untracked 
|  51|0x0000000708000000, 0x0000000708000000, 0x0000000708200000|  0%| F|  |TAMS 0x0000000708000000, 0x0000000708000000| Untracked 
|  52|0x0000000708200000, 0x0000000708200000, 0x0000000708400000|  0%| F|  |TAMS 0x0000000708200000, 0x0000000708200000| Untracked 
|  53|0x0000000708400000, 0x0000000708400000, 0x0000000708600000|  0%| F|  |TAMS 0x0000000708400000, 0x0000000708400000| Untracked 
|  54|0x0000000708600000, 0x0000000708600000, 0x0000000708800000|  0%| F|  |TAMS 0x0000000708600000, 0x0000000708600000| Untracked 
|  55|0x0000000708800000, 0x0000000708800000, 0x0000000708a00000|  0%| F|  |TAMS 0x0000000708800000, 0x0000000708800000| Untracked 
|  56|0x0000000708a00000, 0x0000000708a00000, 0x0000000708c00000|  0%| F|  |TAMS 0x0000000708a00000, 0x0000000708a00000| Untracked 
|  57|0x0000000708c00000, 0x0000000708c00000, 0x0000000708e00000|  0%| F|  |TAMS 0x0000000708c00000, 0x0000000708c00000| Untracked 
|  58|0x0000000708e00000, 0x0000000708e00000, 0x0000000709000000|  0%| F|  |TAMS 0x0000000708e00000, 0x0000000708e00000| Untracked 
|  59|0x0000000709000000, 0x0000000709000000, 0x0000000709200000|  0%| F|  |TAMS 0x0000000709000000, 0x0000000709000000| Untracked 
|  60|0x0000000709200000, 0x0000000709200000, 0x0000000709400000|  0%| F|  |TAMS 0x0000000709200000, 0x0000000709200000| Untracked 
|  61|0x0000000709400000, 0x0000000709400000, 0x0000000709600000|  0%| F|  |TAMS 0x0000000709400000, 0x0000000709400000| Untracked 
|  62|0x0000000709600000, 0x0000000709600000, 0x0000000709800000|  0%| F|  |TAMS 0x0000000709600000, 0x0000000709600000| Untracked 
|  63|0x0000000709800000, 0x0000000709800000, 0x0000000709a00000|  0%| F|  |TAMS 0x0000000709800000, 0x0000000709800000| Untracked 
|  64|0x0000000709a00000, 0x0000000709a00000, 0x0000000709c00000|  0%| F|  |TAMS 0x0000000709a00000, 0x0000000709a00000| Untracked 
|  65|0x0000000709c00000, 0x0000000709c00000, 0x0000000709e00000|  0%| F|  |TAMS 0x0000000709c00000, 0x0000000709c00000| Untracked 
|  66|0x0000000709e00000, 0x0000000709e00000, 0x000000070a000000|  0%| F|  |TAMS 0x0000000709e00000, 0x0000000709e00000| Untracked 
|  67|0x000000070a000000, 0x000000070a000000, 0x000000070a200000|  0%| F|  |TAMS 0x000000070a000000, 0x000000070a000000| Untracked 
|  68|0x000000070a200000, 0x000000070a200000, 0x000000070a400000|  0%| F|  |TAMS 0x000000070a200000, 0x000000070a200000| Untracked 
|  69|0x000000070a400000, 0x000000070a400000, 0x000000070a600000|  0%| F|  |TAMS 0x000000070a400000, 0x000000070a400000| Untracked 
|  70|0x000000070a600000, 0x000000070a600000, 0x000000070a800000|  0%| F|  |TAMS 0x000000070a600000, 0x000000070a600000| Untracked 
|  71|0x000000070a800000, 0x000000070a800000, 0x000000070aa00000|  0%| F|  |TAMS 0x000000070a800000, 0x000000070a800000| Untracked 
|  72|0x000000070aa00000, 0x000000070aa00000, 0x000000070ac00000|  0%| F|  |TAMS 0x000000070aa00000, 0x000000070aa00000| Untracked 
|  73|0x000000070ac00000, 0x000000070ac00000, 0x000000070ae00000|  0%| F|  |TAMS 0x000000070ac00000, 0x000000070ac00000| Untracked 
|  74|0x000000070ae00000, 0x000000070ae00000, 0x000000070b000000|  0%| F|  |TAMS 0x000000070ae00000, 0x000000070ae00000| Untracked 
|  75|0x000000070b000000, 0x000000070b000000, 0x000000070b200000|  0%| F|  |TAMS 0x000000070b000000, 0x000000070b000000| Untracked 
|  76|0x000000070b200000, 0x000000070b200000, 0x000000070b400000|  0%| F|  |TAMS 0x000000070b200000, 0x000000070b200000| Untracked 
|  77|0x000000070b400000, 0x000000070b400000, 0x000000070b600000|  0%| F|  |TAMS 0x000000070b400000, 0x000000070b400000| Untracked 
|  78|0x000000070b600000, 0x000000070b600000, 0x000000070b800000|  0%| F|  |TAMS 0x000000070b600000, 0x000000070b600000| Untracked 
|  79|0x000000070b800000, 0x000000070b800000, 0x000000070ba00000|  0%| F|  |TAMS 0x000000070b800000, 0x000000070b800000| Untracked 
|  80|0x000000070ba00000, 0x000000070ba00000, 0x000000070bc00000|  0%| F|  |TAMS 0x000000070ba00000, 0x000000070ba00000| Untracked 
|  81|0x000000070bc00000, 0x000000070bc00000, 0x000000070be00000|  0%| F|  |TAMS 0x000000070bc00000, 0x000000070bc00000| Untracked 
|  82|0x000000070be00000, 0x000000070be00000, 0x000000070c000000|  0%| F|  |TAMS 0x000000070be00000, 0x000000070be00000| Untracked 
|  83|0x000000070c000000, 0x000000070c000000, 0x000000070c200000|  0%| F|  |TAMS 0x000000070c000000, 0x000000070c000000| Untracked 
|  84|0x000000070c200000, 0x000000070c200000, 0x000000070c400000|  0%| F|  |TAMS 0x000000070c200000, 0x000000070c200000| Untracked 
|  85|0x000000070c400000, 0x000000070c400000, 0x000000070c600000|  0%| F|  |TAMS 0x000000070c400000, 0x000000070c400000| Untracked 
|  86|0x000000070c600000, 0x000000070c600000, 0x000000070c800000|  0%| F|  |TAMS 0x000000070c600000, 0x000000070c600000| Untracked 
|  87|0x000000070c800000, 0x000000070c800000, 0x000000070ca00000|  0%| F|  |TAMS 0x000000070c800000, 0x000000070c800000| Untracked 
|  88|0x000000070ca00000, 0x000000070ca00000, 0x000000070cc00000|  0%| F|  |TAMS 0x000000070ca00000, 0x000000070ca00000| Untracked 
|  89|0x000000070cc00000, 0x000000070cc00000, 0x000000070ce00000|  0%| F|  |TAMS 0x000000070cc00000, 0x000000070cc00000| Untracked 
|  90|0x000000070ce00000, 0x000000070ce00000, 0x000000070d000000|  0%| F|  |TAMS 0x000000070ce00000, 0x000000070ce00000| Untracked 
|  91|0x000000070d000000, 0x000000070d000000, 0x000000070d200000|  0%| F|  |TAMS 0x000000070d000000, 0x000000070d000000| Untracked 
|  92|0x000000070d200000, 0x000000070d200000, 0x000000070d400000|  0%| F|  |TAMS 0x000000070d200000, 0x000000070d200000| Untracked 
|  93|0x000000070d400000, 0x000000070d400000, 0x000000070d600000|  0%| F|  |TAMS 0x000000070d400000, 0x000000070d400000| Untracked 
|  94|0x000000070d600000, 0x000000070d600000, 0x000000070d800000|  0%| F|  |TAMS 0x000000070d600000, 0x000000070d600000| Untracked 
|  95|0x000000070d800000, 0x000000070d800000, 0x000000070da00000|  0%| F|  |TAMS 0x000000070d800000, 0x000000070d800000| Untracked 
|  96|0x000000070da00000, 0x000000070da00000, 0x000000070dc00000|  0%| F|  |TAMS 0x000000070da00000, 0x000000070da00000| Untracked 
|  97|0x000000070dc00000, 0x000000070dc00000, 0x000000070de00000|  0%| F|  |TAMS 0x000000070dc00000, 0x000000070dc00000| Untracked 
|  98|0x000000070de00000, 0x000000070de00000, 0x000000070e000000|  0%| F|  |TAMS 0x000000070de00000, 0x000000070de00000| Untracked 
|  99|0x000000070e000000, 0x000000070e000000, 0x000000070e200000|  0%| F|  |TAMS 0x000000070e000000, 0x000000070e000000| Untracked 
| 100|0x000000070e200000, 0x000000070e200000, 0x000000070e400000|  0%| F|  |TAMS 0x000000070e200000, 0x000000070e200000| Untracked 
| 101|0x000000070e400000, 0x000000070e400000, 0x000000070e600000|  0%| F|  |TAMS 0x000000070e400000, 0x000000070e400000| Untracked 
| 102|0x000000070e600000, 0x000000070e600000, 0x000000070e800000|  0%| F|  |TAMS 0x000000070e600000, 0x000000070e600000| Untracked 
| 103|0x000000070e800000, 0x000000070e800000, 0x000000070ea00000|  0%| F|  |TAMS 0x000000070e800000, 0x000000070e800000| Untracked 
| 104|0x000000070ea00000, 0x000000070ea00000, 0x000000070ec00000|  0%| F|  |TAMS 0x000000070ea00000, 0x000000070ea00000| Untracked 
| 105|0x000000070ec00000, 0x000000070ec00000, 0x000000070ee00000|  0%| F|  |TAMS 0x000000070ec00000, 0x000000070ec00000| Untracked 
| 106|0x000000070ee00000, 0x000000070ee00000, 0x000000070f000000|  0%| F|  |TAMS 0x000000070ee00000, 0x000000070ee00000| Untracked 
| 107|0x000000070f000000, 0x000000070f000000, 0x000000070f200000|  0%| F|  |TAMS 0x000000070f000000, 0x000000070f000000| Untracked 
| 108|0x000000070f200000, 0x000000070f200000, 0x000000070f400000|  0%| F|  |TAMS 0x000000070f200000, 0x000000070f200000| Untracked 
| 109|0x000000070f400000, 0x000000070f400000, 0x000000070f600000|  0%| F|  |TAMS 0x000000070f400000, 0x000000070f400000| Untracked 
| 110|0x000000070f600000, 0x000000070f600000, 0x000000070f800000|  0%| F|  |TAMS 0x000000070f600000, 0x000000070f600000| Untracked 
| 111|0x000000070f800000, 0x000000070f800000, 0x000000070fa00000|  0%| F|  |TAMS 0x000000070f800000, 0x000000070f800000| Untracked 
| 112|0x000000070fa00000, 0x000000070fa00000, 0x000000070fc00000|  0%| F|  |TAMS 0x000000070fa00000, 0x000000070fa00000| Untracked 
| 113|0x000000070fc00000, 0x000000070fc00000, 0x000000070fe00000|  0%| F|  |TAMS 0x000000070fc00000, 0x000000070fc00000| Untracked 
| 114|0x000000070fe00000, 0x000000070fe00000, 0x0000000710000000|  0%| F|  |TAMS 0x000000070fe00000, 0x000000070fe00000| Untracked 
| 115|0x0000000710000000, 0x00000007100e6780, 0x0000000710200000| 45%| S|CS|TAMS 0x0000000710000000, 0x0000000710000000| Complete 
| 116|0x0000000710200000, 0x0000000710400000, 0x0000000710400000|100%| S|CS|TAMS 0x0000000710200000, 0x0000000710200000| Complete 
| 117|0x0000000710400000, 0x0000000710400000, 0x0000000710600000|  0%| F|  |TAMS 0x0000000710400000, 0x0000000710400000| Untracked 
| 118|0x0000000710600000, 0x0000000710600000, 0x0000000710800000|  0%| F|  |TAMS 0x0000000710600000, 0x0000000710600000| Untracked 
| 119|0x0000000710800000, 0x0000000710857f48, 0x0000000710a00000| 17%| E|  |TAMS 0x0000000710800000, 0x0000000710800000| Complete 
| 120|0x0000000710a00000, 0x0000000710c00000, 0x0000000710c00000|100%| E|CS|TAMS 0x0000000710a00000, 0x0000000710a00000| Complete 
| 121|0x0000000710c00000, 0x0000000710e00000, 0x0000000710e00000|100%| E|  |TAMS 0x0000000710c00000, 0x0000000710c00000| Complete 
| 122|0x0000000710e00000, 0x0000000711000000, 0x0000000711000000|100%| E|CS|TAMS 0x0000000710e00000, 0x0000000710e00000| Complete 
| 123|0x0000000711000000, 0x0000000711200000, 0x0000000711200000|100%| E|CS|TAMS 0x0000000711000000, 0x0000000711000000| Complete 
| 124|0x0000000711200000, 0x0000000711400000, 0x0000000711400000|100%| E|CS|TAMS 0x0000000711200000, 0x0000000711200000| Complete 
| 125|0x0000000711400000, 0x0000000711600000, 0x0000000711600000|100%| E|CS|TAMS 0x0000000711400000, 0x0000000711400000| Complete 
| 126|0x0000000711600000, 0x0000000711800000, 0x0000000711800000|100%| E|CS|TAMS 0x0000000711600000, 0x0000000711600000| Complete 
| 127|0x0000000711800000, 0x0000000711a00000, 0x0000000711a00000|100%| E|CS|TAMS 0x0000000711800000, 0x0000000711800000| Complete 

Card table byte_map: [0x000002a149ff0000,0x000002a14a7f0000] _byte_map_base: 0x000002a1467e3000

Marking Bits (Prev, Next): (CMBitMap*) 0x000002a132cb51f0, (CMBitMap*) 0x000002a132cb5230
 Prev Bits: [0x000002a14aff0000, 0x000002a14ef88000)
 Next Bits: [0x000002a14ef90000, 0x000002a152f28000)

Polling page: 0x000002a130c20000

Metaspace:

Usage:
  Non-class:      5.88 MB used.
      Class:    764.84 KB used.
       Both:      6.63 MB used.

Virtual space:
  Non-class space:        8.00 MB reserved,       6.00 MB ( 75%) committed,  1 nodes.
      Class space:        1.00 GB reserved,     896.00 KB ( <1%) committed,  1 nodes.
             Both:        1.01 GB reserved,       6.88 MB ( <1%) committed. 

Chunk freelists:
   Non-Class:  1.92 MB
       Class:  3.11 MB
        Both:  5.03 MB

MaxMetaspaceSize: unlimited
CompressedClassSpaceSize: 1.00 GB
Initial GC threshold: 21.00 MB
Current GC threshold: 21.00 MB
CDS: on
MetaspaceReclaimPolicy: balanced
 - commit_granule_bytes: 65536.
 - commit_granule_words: 8192.
 - virtual_space_node_default_size: 1048576.
 - enlarge_chunks_in_place: 1.
 - new_chunks_are_fully_committed: 0.
 - uncommit_free_chunks: 1.
 - use_allocation_guard: 0.
 - handle_deallocations: 1.


Internal statistics:

num_allocs_failed_limit: 0.
num_arena_births: 70.
num_arena_deaths: 0.
num_vsnodes_births: 2.
num_vsnodes_deaths: 0.
num_space_committed: 110.
num_space_uncommitted: 0.
num_chunks_returned_to_freelist: 0.
num_chunks_taken_from_freelist: 240.
num_chunk_merges: 0.
num_chunk_splits: 127.
num_chunks_enlarged: 78.
num_purges: 0.
num_inconsistent_stats: 0.

CodeHeap 'non-profiled nmethods': size=120000Kb used=510Kb max_used=510Kb free=119489Kb
 bounds [0x000002a141f90000, 0x000002a142200000, 0x000002a1494c0000]
CodeHeap 'profiled nmethods': size=120000Kb used=2817Kb max_used=2817Kb free=117182Kb
 bounds [0x000002a13aa60000, 0x000002a13ad30000, 0x000002a141f90000]
CodeHeap 'non-nmethods': size=5760Kb used=1224Kb max_used=1292Kb free=4535Kb
 bounds [0x000002a13a4c0000, 0x000002a13a730000, 0x000002a13aa60000]
 total_blobs=1762 nmethods=1316 adapters=359
 compilation: enabled
              stopped_count=0, restarted_count=0
 full_count=0

Compilation events (20 events):
Event: 11.908 Thread 0x000002a155995de0 1307       3       java.lang.StringBuilder::<init> (6 bytes)
Event: 11.908 Thread 0x000002a155995de0 nmethod 1307 0x000002a13ad1ab90 code [0x000002a13ad1ad20, 0x000002a13ad1ae68]
Event: 11.908 Thread 0x000002a155995de0 1308       3       java.lang.AbstractStringBuilder::<init> (63 bytes)
Event: 11.909 Thread 0x000002a155995de0 nmethod 1308 0x000002a13ad1af10 code [0x000002a13ad1b100, 0x000002a13ad1b6b8]
Event: 11.914 Thread 0x000002a155995de0 1309  s    3       java.lang.StringBuffer::append (13 bytes)
Event: 11.914 Thread 0x000002a155995de0 nmethod 1309 0x000002a13ad1b890 code [0x000002a13ad1ba40, 0x000002a13ad1bc68]
Event: 16.521 Thread 0x000002a155995de0 1310       3       java.lang.Integer::toString (55 bytes)
Event: 16.522 Thread 0x000002a155995de0 nmethod 1310 0x000002a13ad1bd10 code [0x000002a13ad1bee0, 0x000002a13ad1c278]
Event: 16.523 Thread 0x000002a155995de0 1311       3       java.lang.StringBuffer::<init> (7 bytes)
Event: 16.524 Thread 0x000002a155995de0 nmethod 1311 0x000002a13ad1c410 code [0x000002a13ad1c5a0, 0x000002a13ad1c6e8]
Event: 16.524 Thread 0x000002a155995de0 1313  s    3       java.lang.StringBuffer::toString (59 bytes)
Event: 16.525 Thread 0x000002a155995de0 nmethod 1313 0x000002a13ad1c790 code [0x000002a13ad1c980, 0x000002a13ad1cfb8]
Event: 16.525 Thread 0x000002a155995de0 1312       3       com.bridgelabz.hashtable.node.MyMapNode::toString (85 bytes)
Event: 16.527 Thread 0x000002a155995de0 nmethod 1312 0x000002a13ad1d190 code [0x000002a13ad1d520, 0x000002a13ad1e9b8]
Event: 18.279 Thread 0x000002a155995de0 1314       3       java.lang.Integer::toString (8 bytes)
Event: 18.279 Thread 0x000002a155995de0 nmethod 1314 0x000002a13ad1f110 code [0x000002a13ad1f2a0, 0x000002a13ad1f3e8]
Event: 73.790 Thread 0x000002a155995de0 1315       3       org.eclipse.jdt.launching.internal.org.objectweb.asm.ByteVector::putByte (39 bytes)
Event: 73.791 Thread 0x000002a155995de0 nmethod 1315 0x000002a13ad1f490 code [0x000002a13ad1f640, 0x000002a13ad1f828]
Event: 73.791 Thread 0x000002a155995de0 1316       3       org.eclipse.jdt.launching.internal.org.objectweb.asm.SymbolTable::put (150 bytes)
Event: 73.802 Thread 0x000002a155995de0 nmethod 1316 0x000002a13ad1f990 code [0x000002a13ad1fb80, 0x000002a13ad20478]

GC Heap History (2 events):
Event: 1.336 GC heap before
{Heap before GC invocations=0 (full 0):
 garbage-first heap   total 262144K, used 22528K [0x0000000701a00000, 0x0000000800000000)
  region size 2048K, 11 young (22528K), 0 survivors (0K)
 Metaspace       used 4777K, committed 4928K, reserved 1056768K
  class space    used 474K, committed 576K, reserved 1048576K
}
Event: 1.342 GC heap after
{Heap after GC invocations=1 (full 0):
 garbage-first heap   total 262144K, used 2969K [0x0000000701a00000, 0x0000000800000000)
  region size 2048K, 2 young (4096K), 2 survivors (4096K)
 Metaspace       used 4777K, committed 4928K, reserved 1056768K
  class space    used 474K, committed 576K, reserved 1048576K
}

Deoptimization events (20 events):
Event: 1.184 Thread 0x000002a132c667e0 DEOPT PACKING pc=0x000002a13aacd5a8 sp=0x000000e1270f9aa0
Event: 1.184 Thread 0x000002a132c667e0 DEOPT UNPACKING pc=0x000002a13a512b43 sp=0x000000e1270f8f30 mode 0
Event: 1.324 Thread 0x000002a132c667e0 Uncommon trap: trap_request=0xffffffde fr.pc=0x000002a141fcb2ec relative=0x0000000000001a2c
Event: 1.324 Thread 0x000002a132c667e0 Uncommon trap: reason=class_check action=maybe_recompile pc=0x000002a141fcb2ec method=java.util.HashMap.putVal(ILjava/lang/Object;Ljava/lang/Object;ZZ)Ljava/lang/Object; @ 253 c2
Event: 1.324 Thread 0x000002a132c667e0 DEOPT PACKING pc=0x000002a141fcb2ec sp=0x000000e1270fd890
Event: 1.324 Thread 0x000002a132c667e0 DEOPT UNPACKING pc=0x000002a13a5123a3 sp=0x000000e1270fd7f8 mode 2
Event: 1.331 Thread 0x000002a132c667e0 Uncommon trap: trap_request=0xffffffde fr.pc=0x000002a141fcb2ec relative=0x0000000000001a2c
Event: 1.331 Thread 0x000002a132c667e0 Uncommon trap: reason=class_check action=maybe_recompile pc=0x000002a141fcb2ec method=java.util.HashMap.putVal(ILjava/lang/Object;Ljava/lang/Object;ZZ)Ljava/lang/Object; @ 253 c2
Event: 1.331 Thread 0x000002a132c667e0 DEOPT PACKING pc=0x000002a141fcb2ec sp=0x000000e1270fd960
Event: 1.331 Thread 0x000002a132c667e0 DEOPT UNPACKING pc=0x000002a13a5123a3 sp=0x000000e1270fd8c8 mode 2
Event: 1.334 Thread 0x000002a132c667e0 DEOPT PACKING pc=0x000002a13aabedc3 sp=0x000000e1270fbee0
Event: 1.334 Thread 0x000002a132c667e0 DEOPT UNPACKING pc=0x000002a13a512b43 sp=0x000000e1270fb360 mode 0
Event: 1.357 Thread 0x000002a132c667e0 Uncommon trap: trap_request=0xffffff45 fr.pc=0x000002a141fd9b7c relative=0x00000000000000fc
Event: 1.357 Thread 0x000002a132c667e0 Uncommon trap: reason=unstable_if action=reinterpret pc=0x000002a141fd9b7c method=org.eclipse.jdt.launching.internal.org.objectweb.asm.ByteVector.putShort(I)Lorg/eclipse/jdt/launching/internal/org/objectweb/asm/ByteVector; @ 13 c2
Event: 1.357 Thread 0x000002a132c667e0 DEOPT PACKING pc=0x000002a141fd9b7c sp=0x000000e1270fbd20
Event: 1.357 Thread 0x000002a132c667e0 DEOPT UNPACKING pc=0x000002a13a5123a3 sp=0x000000e1270fbca8 mode 2
Event: 1.478 Thread 0x000002a132c667e0 DEOPT PACKING pc=0x000002a13abc5a43 sp=0x000000e1270fa4f0
Event: 1.478 Thread 0x000002a132c667e0 DEOPT UNPACKING pc=0x000002a13a512b43 sp=0x000000e1270f9a38 mode 0
Event: 1.694 Thread 0x000002a132c667e0 DEOPT PACKING pc=0x000002a13aae4d3e sp=0x000000e1270f9e80
Event: 1.694 Thread 0x000002a132c667e0 DEOPT UNPACKING pc=0x000002a13a512b43 sp=0x000000e1270f92f8 mode 0

Classes unloaded (0 events):
No events

Classes redefined (4 events):
Event: 71.737 Thread 0x000002a155965ee0 redefined class name=com.bridgelabz.hashtable.MyHashTable, count=1
Event: 73.796 Thread 0x000002a155965ee0 redefined class name=com.bridgelabz.hashtable.MyHashTable, count=2
Event: 123.624 Thread 0x000002a155965ee0 redefined class name=com.bridgelabz.hashtable.MyHashTable, count=3
Event: 129.691 Thread 0x000002a155965ee0 redefined class name=com.bridgelabz.hashtable.MyHashTable, count=4

Internal exceptions (20 events):
Event: 1.269 Thread 0x000002a132c667e0 Exception <a 'java/lang/NoSuchMethodError'{0x0000000710653b00}: 'void java.lang.invoke.DirectMethodHandle$Holder.invokeInterface(java.lang.Object, java.lang.Object)'> (0x0000000710653b00) 
thrown [t:\workspace\open\src\hotspot\share\interpreter\linkResolver.cpp, line 766]
Event: 1.269 Thread 0x000002a132c667e0 Exception <a 'java/lang/IncompatibleClassChangeError'{0x0000000710657090}: Found class java.lang.Object, but interface was expected> (0x0000000710657090) 
thrown [t:\workspace\open\src\hotspot\share\interpreter\linkResolver.cpp, line 833]
Event: 1.291 Thread 0x000002a132c667e0 Exception <a 'java/lang/NoSuchMethodError'{0x00000007107d8118}: 'java.lang.Object java.lang.invoke.DirectMethodHandle$Holder.invokeStaticInit(java.lang.Object, java.lang.Object, java.lang.Object)'> (0x00000007107d8118) 
thrown [t:\workspace\open\src\hotspot\share\interpreter\linkResolver.cpp, line 766]
Event: 1.292 Thread 0x000002a132c667e0 Exception <a 'java/lang/NoSuchMethodError'{0x00000007107df7d0}: 'void java.lang.invoke.DirectMethodHandle$Holder.invokeStaticInit(java.lang.Object, java.lang.Object, java.lang.Object)'> (0x00000007107df7d0) 
thrown [t:\workspace\open\src\hotspot\share\interpreter\linkResolver.cpp, line 766]
Event: 1.314 Thread 0x000002a132c667e0 Exception <a 'java/lang/NoSuchMethodError'{0x0000000710488a58}: 'java.lang.Object java.lang.invoke.DirectMethodHandle$Holder.newInvokeSpecial(java.lang.Object, java.lang.Object, java.lang.Object, java.lang.Object, java.lang.Object)'> (0x0000000710488a58) 
thrown [t:\workspace\open\src\hotspot\share\interpreter\linkResolver.cpp, line 766]
Event: 1.355 Thread 0x000002a132c667e0 Exception <a 'java/lang/NoSuchMethodError'{0x0000000711837208}: 'void java.lang.invoke.DirectMethodHandle$Holder.invokeInterface(java.lang.Object, java.lang.Object, java.lang.Object)'> (0x0000000711837208) 
thrown [t:\workspace\open\src\hotspot\share\interpreter\linkResolver.cpp, line 766]
Event: 1.355 Thread 0x000002a132c667e0 Exception <a 'java/lang/IncompatibleClassChangeError'{0x000000071183a5c8}: Found class java.lang.Object, but interface was expected> (0x000000071183a5c8) 
thrown [t:\workspace\open\src\hotspot\share\interpreter\linkResolver.cpp, line 833]
Event: 1.451 Thread 0x000002a132c667e0 Exception <a 'java/lang/NoSuchMethodError'{0x000000071150db78}: 'java.lang.Object java.lang.invoke.DirectMethodHandle$Holder.invokeInterface(java.lang.Object, java.lang.Object)'> (0x000000071150db78) 
thrown [t:\workspace\open\src\hotspot\share\interpreter\linkResolver.cpp, line 766]
Event: 1.453 Thread 0x000002a132c667e0 Exception <a 'java/lang/IncompatibleClassChangeError'{0x0000000711511618}: Found class java.lang.Object, but interface was expected> (0x0000000711511618) 
thrown [t:\workspace\open\src\hotspot\share\interpreter\linkResolver.cpp, line 833]
Event: 1.513 Thread 0x000002a132c667e0 Exception <a 'java/lang/NoSuchMethodError'{0x00000007112da228}: 'java.lang.Object java.lang.invoke.DirectMethodHandle$Holder.invokeSpecialIFC(java.lang.Object, java.lang.Object, java.lang.Object, java.lang.Object)'> (0x00000007112da228) 
thrown [t:\workspace\open\src\hotspot\share\interpreter\linkResolver.cpp, line 766]
Event: 1.548 Thread 0x000002a132c667e0 Exception <a 'java/lang/NoSuchMethodError'{0x000000071133d578}: 'java.lang.Object java.lang.invoke.DirectMethodHandle$Holder.invokeStatic(java.lang.Object, java.lang.Object, int)'> (0x000000071133d578) 
thrown [t:\workspace\open\src\hotspot\share\interpreter\linkResolver.cpp, line 766]
Event: 1.556 Thread 0x000002a132c667e0 Exception <a 'java/lang/NoSuchMethodError'{0x00000007113774d8}: 'int java.lang.invoke.DirectMethodHandle$Holder.invokeStatic(java.lang.Object, java.lang.Object, java.lang.Object, java.lang.Object)'> (0x00000007113774d8) 
thrown [t:\workspace\open\src\hotspot\share\interpreter\linkResolver.cpp, line 766]
Event: 1.564 Thread 0x000002a132c667e0 Exception <a 'java/lang/NoSuchMethodError'{0x00000007113bbcf0}: 'void java.lang.invoke.DirectMethodHandle$Holder.invokeSpecial(java.lang.Object, java.lang.Object, java.lang.Object, java.lang.Object, java.lang.Object)'> (0x00000007113bbcf0) 
thrown [t:\workspace\open\src\hotspot\share\interpreter\linkResolver.cpp, line 766]
Event: 1.594 Thread 0x000002a132c667e0 Exception <a 'java/lang/NoSuchMethodError'{0x0000000711024638}: 'java.lang.Object java.lang.invoke.DirectMethodHandle$Holder.invokeVirtual(java.lang.Object, java.lang.Object, java.lang.Object)'> (0x0000000711024638) 
thrown [t:\workspace\open\src\hotspot\share\interpreter\linkResolver.cpp, line 766]
Event: 1.605 Thread 0x000002a132c667e0 Exception <a 'java/lang/NoSuchMethodError'{0x000000071109ef08}: 'void java.lang.invoke.DirectMethodHandle$Holder.invokeInterface(java.lang.Object, java.lang.Object, java.lang.Object, java.lang.Object)'> (0x000000071109ef08) 
thrown [t:\workspace\open\src\hotspot\share\interpreter\linkResolver.cpp, line 766]
Event: 1.605 Thread 0x000002a132c667e0 Exception <a 'java/lang/IncompatibleClassChangeError'{0x00000007110a2830}: Found class java.lang.Object, but interface was expected> (0x00000007110a2830) 
thrown [t:\workspace\open\src\hotspot\share\interpreter\linkResolver.cpp, line 833]
Event: 1.610 Thread 0x000002a132c667e0 Exception <a 'java/lang/NoSuchMethodError'{0x00000007110c8be8}: 'void java.lang.invoke.DirectMethodHandle$Holder.invokeStatic(java.lang.Object, java.lang.Object, java.lang.Object, java.lang.Object)'> (0x00000007110c8be8) 
thrown [t:\workspace\open\src\hotspot\share\interpreter\linkResolver.cpp, line 766]
Event: 1.630 Thread 0x000002a132c667e0 Exception <a 'java/lang/NoSuchMethodError'{0x00000007111a8898}: 'java.lang.Object java.lang.invoke.Invokers$Holder.invokeExact_MT(java.lang.Object, java.lang.Object, java.lang.Object, java.lang.Object, java.lang.Object, java.lang.Object)'> (0x00000007111a8898) 
thrown [t:\workspace\open\src\hotspot\share\interpreter\linkResolver.cpp, line 766]
Event: 1.634 Thread 0x000002a132c667e0 Exception <a 'java/lang/NoSuchMethodError'{0x00000007111b9048}: 'int java.lang.invoke.DirectMethodHandle$Holder.invokeStatic(java.lang.Object, java.lang.Object, java.lang.Object, java.lang.Object, java.lang.Object)'> (0x00000007111b9048) 
thrown [t:\workspace\open\src\hotspot\share\interpreter\linkResolver.cpp, line 766]
Event: 1.804 Thread 0x000002a132c667e0 Exception <a 'java/lang/NoSuchMethodError'{0x0000000710a91e40}: 'int java.lang.invoke.DirectMethodHandle$Holder.invokeSpecial(java.lang.Object, java.lang.Object, java.lang.Object, java.lang.Object)'> (0x0000000710a91e40) 
thrown [t:\workspace\open\src\hotspot\share\interpreter\linkResolver.cpp, line 766]

VM Operations (20 events):
Event: 123.704 Executing VM operation: ChangeSingleStep
Event: 123.704 Executing VM operation: ChangeSingleStep done
Event: 123.803 Executing VM operation: get/set locals
Event: 123.804 Executing VM operation: get/set locals done
Event: 129.676 Executing VM operation: ChangeSingleStep
Event: 129.677 Executing VM operation: ChangeSingleStep done
Event: 129.677 Executing VM operation: ChangeSingleStep
Event: 129.677 Executing VM operation: ChangeSingleStep done
Event: 129.684 Executing VM operation: RedefineClasses
Event: 129.703 Executing VM operation: RedefineClasses done
Event: 129.710 Executing VM operation: ChangeBreakpoints
Event: 129.710 Executing VM operation: ChangeBreakpoints done
Event: 129.711 Executing VM operation: ChangeBreakpoints
Event: 129.712 Executing VM operation: ChangeBreakpoints done
Event: 129.718 Executing VM operation: ChangeSingleStep
Event: 129.718 Executing VM operation: ChangeSingleStep done
Event: 129.720 Executing VM operation: get/set locals
Event: 129.720 Executing VM operation: get/set locals done
Event: 129.723 Executing VM operation: ChangeSingleStep
Event: 129.723 Executing VM operation: ChangeSingleStep done

Events (20 events):
Event: 1.787 loading class java/io/ObjectOutputStream
Event: 1.787 loading class java/io/ObjectOutput
Event: 1.787 loading class java/io/ObjectOutput done
Event: 1.787 loading class java/io/ObjectStreamConstants
Event: 1.787 loading class java/io/ObjectStreamConstants done
Event: 1.788 loading class java/io/ObjectOutputStream done
Event: 1.788 loading class java/io/ObjectInputStream
Event: 1.788 loading class java/io/ObjectInput
Event: 1.788 loading class java/io/ObjectInput done
Event: 1.789 loading class java/io/ObjectInputStream done
Event: 1.790 loading class java/io/ObjectStreamClass$FieldReflectorKey
Event: 1.790 loading class java/io/ObjectStreamClass$FieldReflectorKey done
Event: 1.790 loading class java/io/ObjectStreamClass$FieldReflector
Event: 1.790 loading class java/io/ObjectStreamClass$FieldReflector done
Event: 1.806 loading class sun/nio/ch/IOStatus
Event: 1.806 loading class sun/nio/ch/IOStatus done
Event: 1.807 loading class java/lang/reflect/InvocationTargetException
Event: 1.807 loading class java/lang/reflect/InvocationTargetException done
Event: 6.827 Thread 0x000002a15672b1a0 Thread exited: 0x000002a15672b1a0
Event: 6.827 Thread 0x000002a156cab8e0 Thread exited: 0x000002a156cab8e0


Dynamic libraries:
0x00007ff66d790000 - 0x00007ff66d7a0000 	C:\Program Files\Java\jdk-17.0.2\bin\javaw.exe
0x00007ff9abe60000 - 0x00007ff9ac069000 	C:\WINDOWS\SYSTEM32\ntdll.dll
0x00007ff9ab630000 - 0x00007ff9ab6ed000 	C:\WINDOWS\System32\KERNEL32.DLL
0x00007ff9a9350000 - 0x00007ff9a96c4000 	C:\WINDOWS\System32\KERNELBASE.dll
0x00007ff9a9ab0000 - 0x00007ff9a9bc1000 	C:\WINDOWS\System32\ucrtbase.dll
0x00007ff993680000 - 0x00007ff99369a000 	C:\Program Files\Java\jdk-17.0.2\bin\VCRUNTIME140.dll
0x00007ff993f40000 - 0x00007ff993f58000 	C:\Program Files\Java\jdk-17.0.2\bin\jli.dll
0x00007ff9ab220000 - 0x00007ff9ab2ce000 	C:\WINDOWS\System32\ADVAPI32.dll
0x00007ff9ab580000 - 0x00007ff9ab623000 	C:\WINDOWS\System32\msvcrt.dll
0x00007ff9ab4e0000 - 0x00007ff9ab57e000 	C:\WINDOWS\System32\sechost.dll
0x00007ff9ab2d0000 - 0x00007ff9ab3f0000 	C:\WINDOWS\System32\RPCRT4.dll
0x00007ff9aa770000 - 0x00007ff9aa91c000 	C:\WINDOWS\System32\USER32.dll
0x00007ff9a97f0000 - 0x00007ff9a9816000 	C:\WINDOWS\System32\win32u.dll
0x00007ff9ab1f0000 - 0x00007ff9ab219000 	C:\WINDOWS\System32\GDI32.dll
0x00007ff9a96d0000 - 0x00007ff9a97e2000 	C:\WINDOWS\System32\gdi32full.dll
0x00007ff9a9a10000 - 0x00007ff9a9aad000 	C:\WINDOWS\System32\msvcp_win.dll
0x00007ff97feb0000 - 0x00007ff980155000 	C:\WINDOWS\WinSxS\amd64_microsoft.windows.common-controls_6595b64144ccf1df_6.0.22000.120_none_9d947278b86cc467\COMCTL32.dll
0x00007ff9a13b0000 - 0x00007ff9a13ba000 	C:\WINDOWS\SYSTEM32\VERSION.dll
0x00007ff9ab7c0000 - 0x00007ff9ab7f1000 	C:\WINDOWS\System32\IMM32.DLL
0x00007ff9949c0000 - 0x00007ff9949cc000 	C:\Program Files\Java\jdk-17.0.2\bin\vcruntime140_1.dll
0x00007ff963580000 - 0x00007ff96360d000 	C:\Program Files\Java\jdk-17.0.2\bin\msvcp140.dll
0x00007ff93f080000 - 0x00007ff93fc41000 	C:\Program Files\Java\jdk-17.0.2\bin\server\jvm.dll
0x00007ff9a9df0000 - 0x00007ff9a9df8000 	C:\WINDOWS\System32\PSAPI.DLL
0x00007ff9a2f90000 - 0x00007ff9a2fc3000 	C:\WINDOWS\SYSTEM32\WINMM.dll
0x00007ff994600000 - 0x00007ff994609000 	C:\WINDOWS\SYSTEM32\WSOCK32.dll
0x00007ff9aacb0000 - 0x00007ff9aad1f000 	C:\WINDOWS\System32\WS2_32.dll
0x00007ff9a8500000 - 0x00007ff9a8518000 	C:\WINDOWS\SYSTEM32\kernel.appcore.dll
0x00007ff994960000 - 0x00007ff99496a000 	C:\Program Files\Java\jdk-17.0.2\bin\jimage.dll
0x00007ff9a6f10000 - 0x00007ff9a7131000 	C:\WINDOWS\SYSTEM32\DBGHELP.DLL
0x00007ff981850000 - 0x00007ff981881000 	C:\WINDOWS\SYSTEM32\dbgcore.DLL
0x00007ff9a9820000 - 0x00007ff9a989f000 	C:\WINDOWS\System32\bcryptPrimitives.dll
0x00007ff9a32e0000 - 0x00007ff9a331b000 	C:\Program Files\Java\jdk-17.0.2\bin\jdwp.dll
0x00007ff9a5d70000 - 0x00007ff9a5d7e000 	C:\Program Files\Java\jdk-17.0.2\bin\instrument.dll
0x00007ff993620000 - 0x00007ff993645000 	C:\Program Files\Java\jdk-17.0.2\bin\java.dll
0x00007ff958ac0000 - 0x00007ff958b96000 	C:\Program Files\Java\jdk-17.0.2\bin\jsvml.dll
0x00007ff9a9e80000 - 0x00007ff9aa62e000 	C:\WINDOWS\System32\SHELL32.dll
0x00007ff9a73b0000 - 0x00007ff9a7c18000 	C:\WINDOWS\SYSTEM32\windows.storage.dll
0x00007ff9aa920000 - 0x00007ff9aac98000 	C:\WINDOWS\System32\combase.dll
0x00007ff9a7240000 - 0x00007ff9a73a6000 	C:\WINDOWS\SYSTEM32\wintypes.dll
0x00007ff9a9d00000 - 0x00007ff9a9dea000 	C:\WINDOWS\System32\SHCORE.dll
0x00007ff9ab190000 - 0x00007ff9ab1ed000 	C:\WINDOWS\System32\shlwapi.dll
0x00007ff9a9280000 - 0x00007ff9a92a1000 	C:\WINDOWS\SYSTEM32\profapi.dll
0x00007ff9a3eb0000 - 0x00007ff9a3ebc000 	C:\Program Files\Java\jdk-17.0.2\bin\dt_socket.dll
0x00007ff9a7f40000 - 0x00007ff9a7f6d000 	C:\WINDOWS\SYSTEM32\IPHLPAPI.DLL
0x00007ff9a8920000 - 0x00007ff9a8987000 	C:\WINDOWS\system32\mswsock.dll
0x00007ff9a7f70000 - 0x00007ff9a8057000 	C:\WINDOWS\SYSTEM32\DNSAPI.dll
0x00007ff9ab980000 - 0x00007ff9ab989000 	C:\WINDOWS\System32\NSI.dll
0x00007ff9a1390000 - 0x00007ff9a139a000 	C:\Windows\System32\rasadhlp.dll
0x00007ff9a3f20000 - 0x00007ff9a3fa1000 	C:\WINDOWS\System32\fwpuclnt.dll
0x00007ff9926d0000 - 0x00007ff9926e8000 	C:\Program Files\Java\jdk-17.0.2\bin\zip.dll
0x00007ff9935c0000 - 0x00007ff9935d9000 	C:\Program Files\Java\jdk-17.0.2\bin\net.dll
0x00007ff9a2e80000 - 0x00007ff9a2f8c000 	C:\WINDOWS\SYSTEM32\WINHTTP.dll
0x00007ff992cb0000 - 0x00007ff992cc6000 	C:\Program Files\Java\jdk-17.0.2\bin\nio.dll
0x00007ff993890000 - 0x00007ff9938a0000 	C:\Program Files\Java\jdk-17.0.2\bin\verify.dll
0x00007ff9a3ad0000 - 0x00007ff9a3ae9000 	C:\WINDOWS\SYSTEM32\dhcpcsvc6.DLL
0x00007ff9a3540000 - 0x00007ff9a355e000 	C:\WINDOWS\SYSTEM32\dhcpcsvc.DLL

dbghelp: loaded successfully - version: 4.0.5 - missing functions: none
symbol engine: initialized successfully - sym options: 0x614 - pdb path: .;C:\Program Files\Java\jdk-17.0.2\bin;C:\WINDOWS\SYSTEM32;C:\WINDOWS\WinSxS\amd64_microsoft.windows.common-controls_6595b64144ccf1df_6.0.22000.120_none_9d947278b86cc467;C:\Program Files\Java\jdk-17.0.2\bin\server

VM Arguments:
jvm_args: -XX:+ShowCodeDetailsInExceptionMessages -agentlib:jdwp=transport=dt_socket,suspend=y,address=localhost:55767 -ea -javaagent:D:\Darpan\Eclipse\eclipse\configuration\org.eclipse.osgi\222\0\.cp\lib\javaagent-shaded.jar -Dfile.encoding=Cp1252 
java_command: org.eclipse.jdt.internal.junit.runner.RemoteTestRunner -version 3 -port 55766 -testLoaderClass org.eclipse.jdt.internal.junit5.runner.JUnit5TestLoader -loaderpluginname org.eclipse.jdt.junit5.runtime -classNames com.bridgelabz.hashtable.test.MyHashMapTest
java_class_path (initial): D:\Darpan\LFP_112_Java_WS\Day15_DS_HASHMAP\bin;C:\Users\darpan.madlani\.p2\pool\plugins\org.junit.jupiter.api_5.7.1.v20210222-1948.jar;C:\Users\darpan.madlani\.p2\pool\plugins\org.junit.jupiter.engine_5.7.1.v20210222-1948.jar;C:\Users\darpan.madlani\.p2\pool\plugins\org.junit.jupiter.migrationsupport_5.7.1.v20210222-1948.jar;C:\Users\darpan.madlani\.p2\pool\plugins\org.junit.jupiter.params_5.7.1.v20210222-1948.jar;C:\Users\darpan.madlani\.p2\pool\plugins\org.junit.platform.commons_1.7.1.v20210222-1948.jar;C:\Users\darpan.madlani\.p2\pool\plugins\org.junit.platform.engine_1.7.1.v20210222-1948.jar;C:\Users\darpan.madlani\.p2\pool\plugins\org.junit.platform.launcher_1.7.1.v20210222-1948.jar;C:\Users\darpan.madlani\.p2\pool\plugins\org.junit.platform.runner_1.7.1.v20210222-1948.jar;C:\Users\darpan.madlani\.p2\pool\plugins\org.junit.platform.suite.api_1.7.1.v20210222-1948.jar;C:\Users\darpan.madlani\.p2\pool\plugins\org.junit.vintage.engine_5.7.1.v20210222-1948.jar;C:\Users\darpan.madlani\.p2\pool\plugins\org.opentest4j_1.2.0.v20190826-0900.jar;C:\Users\darpan.madlani\.p2\pool\plugins\org.apiguardian_1.1.0.v20190826-0900.jar;C:\Users\darpan.madlani\.p2\pool\plugins\org.junit_4.13.0.v20200204-1500.jar;C:\Users\darpan.madlani\.p2\pool\plugins\org.hamcrest.core_1.3.0.v20180420-1519.jar;D:\Darpan\Eclipse\eclipse\configuration\org.eclipse.osgi\221\0\.cp;D:\Darpan\Eclipse\eclipse\configuration\org.eclipse.osgi\219\0\.cp
Launcher Type: SUN_STANDARD

[Global flags]
     intx CICompilerCount                          = 4                                         {product} {ergonomic}
     uint ConcGCThreads                            = 2                                         {product} {ergonomic}
     uint G1ConcRefinementThreads                  = 8                                         {product} {ergonomic}
   size_t G1HeapRegionSize                         = 2097152                                   {product} {ergonomic}
    uintx GCDrainStackTargetSize                   = 64                                        {product} {ergonomic}
   size_t InitialHeapSize                          = 268435456                                 {product} {ergonomic}
   size_t MarkStackSize                            = 4194304                                   {product} {ergonomic}
   size_t MaxHeapSize                              = 4267704320                                {product} {ergonomic}
   size_t MaxNewSize                               = 2560622592                                {product} {ergonomic}
   size_t MinHeapDeltaBytes                        = 2097152                                   {product} {ergonomic}
   size_t MinHeapSize                              = 8388608                                   {product} {ergonomic}
    uintx NonNMethodCodeHeapSize                   = 5839372                                {pd product} {ergonomic}
    uintx NonProfiledCodeHeapSize                  = 122909434                              {pd product} {ergonomic}
    uintx ProfiledCodeHeapSize                     = 122909434                              {pd product} {ergonomic}
    uintx ReservedCodeCacheSize                    = 251658240                              {pd product} {ergonomic}
     bool SegmentedCodeCache                       = true                                      {product} {ergonomic}
     bool ShowCodeDetailsInExceptionMessages       = true                                   {manageable} {command line}
   size_t SoftMaxHeapSize                          = 4267704320                             {manageable} {ergonomic}
     bool UseCompressedClassPointers               = true                           {product lp64_product} {ergonomic}
     bool UseCompressedOops                        = true                           {product lp64_product} {ergonomic}
     bool UseG1GC                                  = true                                      {product} {ergonomic}
     bool UseLargePagesIndividualAllocation        = false                                  {pd product} {ergonomic}

Logging:
Log output configuration:
 #0: stdout all=warning uptime,level,tags
 #1: stderr all=off uptime,level,tags

Environment Variables:
JAVA_HOME=C:\Program Files\Java\jdk-11.0.11
PATH=C:\Program Files\Common Files\Oracle\Java\javapath;C:\Program Files\Java\jre1.8.0_261\bin;C:\WINDOWS\system32;C:\WINDOWS;C:\WINDOWS\System32\Wbem;C:\WINDOWS\System32\WindowsPowerShell\v1.0\;C:\WINDOWS\System32\OpenSSH\;D:\Flutter_SDK\flutter\bin\;D:\Android_SDK\tools;D:\Android_SDK\build-tools;D:\Android_SDK\platform-tools;C:\Program Files\dotnet\;C:\Program Files\Microsoft SQL Server\Client SDK\ODBC\170\Tools\Binn\;C:\Program Files\Azure Data Studio\bin;C:\Program Files (x86)\dotnet\;C:\Program Files (x86)\Microsoft SQL Server\150\Tools\Binn\;C:\Program Files\Microsoft SQL Server\150\Tools\Binn\;C:\Program Files\Microsoft SQL Server\150\DTS\Binn\;C:\Program Files\Microsoft SQL Server\130\Tools\Binn\;C:\Program Files\nodejs\;C:\Program Files (x86)\Microsoft SQL Server\150\DTS\Binn\;C:\Program Files\MySQL\MySQL Server 8.0\bin;C:\Program Files (x86)\Intel\Intel(R) Management Engine Components\DAL;C:\Program Files\Intel\Intel(R) Management Engine Components\DAL;C:\Program Files\Git\cmd;C:\Program Files\MySQL\MySQL Shell 8.0\bin\;C:\Users\darpan.madlani\AppData\Local\Programs\Python\Python39\Scripts\;C:\Users\darpan.madlani\AppData\Local\Programs\Python\Python39\;C:\Users\darpan.madlani\AppData\Local\Microsoft\WindowsApps;C:\Program Files\MySQL\MySQL Server 8.0\bin;;C:\Users\darpan.madlani\AppData\Local\Programs\Microsoft VS Code\bin
USERNAME=darpan.madlani
OS=Windows_NT
PROCESSOR_IDENTIFIER=Intel64 Family 6 Model 142 Stepping 10, GenuineIntel



---------------  S Y S T E M  ---------------

OS:
 Windows 11 , 64 bit Build 22000 (10.0.22000.434)
OS uptime: 6 days 12:50 hours
Hyper-V role detected

CPU: total 8 (initial active 8) (4 cores per cpu, 2 threads per core) family 6 model 142 stepping 10 microcode 0xea, cx8, cmov, fxsr, ht, mmx, 3dnowpref, sse, sse2, sse3, ssse3, sse4.1, sse4.2, popcnt, lzcnt, tsc, tscinvbit, avx, avx2, aes, erms, clmul, bmi1, bmi2, adx, fma, vzeroupper, clflush, clflushopt, hv

Memory: 4k page, system-wide physical 16279M (5506M free)
TotalPageFile size 22167M (AvailPageFile size 5048M)
current process WorkingSet (physical memory assigned to process): 75M, peak: 88M
current process commit charge ("private bytes"): 354M, peak: 369M

vm_info: Java HotSpot(TM) 64-Bit Server VM (17.0.2+8-LTS-86) for windows-amd64 JRE (17.0.2+8-LTS-86), built on Dec  7 2021 21:51:03 by "mach5one" with MS VC++ 16.8 / 16.9 (VS2019)

END.
